INFO:qiskit_nature.second_q.drivers.pyscfd.pyscfdriver:PySCF kernel() converged: True, e(hf): -7.857144960203829
INFO:qiskit_nature.second_q.drivers.pyscfd.pyscfdriver:HF Electronic dipole moment: [-5.13528156 -0.         -0.        ]
INFO:qiskit_nature.second_q.drivers.pyscfd.pyscfdriver:Nuclear dipole moment: [3.21253441 0.         0.        ]
INFO:qiskit_nature.second_q.drivers.pyscfd.pyscfdriver:Total dipole moment: [-1.92274715  0.          0.        ]
INFO:qiskit.algorithms.minimum_eigensolvers.adapt_vqe:--- Iteration #1 ---
INFO:qiskit.algorithms.minimum_eigensolvers.adapt_vqe:Alternating sequence found. Finishing.
INFO:qiskit.algorithms.minimum_eigensolvers.vqe:Optimization complete in 0.2621645927429199 seconds.
Found optimal point [-0.12577432]
INFO:qiskit.algorithms.minimum_eigensolvers.adapt_vqe:--- Iteration #2 ---
INFO:qiskit.algorithms.minimum_eigensolvers.adapt_vqe:Alternating sequence found. Finishing.
INFO:qiskit.algorithms.minimum_eigensolvers.vqe:Optimization complete in 0.8451032638549805 seconds.
Found optimal point [-0.1266283   0.05648803]
INFO:qiskit.algorithms.minimum_eigensolvers.adapt_vqe:--- Iteration #3 ---
INFO:qiskit.algorithms.minimum_eigensolvers.adapt_vqe:Alternating sequence found. Finishing.
INFO:qiskit.algorithms.minimum_eigensolvers.vqe:Optimization complete in 1.8819713592529297 seconds.
Found optimal point [-0.12733638  0.0540232   0.05422562]
INFO:qiskit.algorithms.minimum_eigensolvers.adapt_vqe:--- Iteration #4 ---
INFO:qiskit.algorithms.minimum_eigensolvers.adapt_vqe:Alternating sequence found. Finishing.
INFO:qiskit.algorithms.minimum_eigensolvers.vqe:Optimization complete in 2.646860122680664 seconds.
Found optimal point [-0.12626302  0.05872465  0.05882951 -0.03334792]
INFO:qiskit.algorithms.minimum_eigensolvers.adapt_vqe:--- Iteration #5 ---
INFO:qiskit.algorithms.minimum_eigensolvers.adapt_vqe:Alternating sequence found. Finishing.
INFO:qiskit.algorithms.minimum_eigensolvers.vqe:Optimization complete in 3.2414305210113525 seconds.
Found optimal point [-0.12596149  0.05809773  0.05819738 -0.03150571 -0.02562106]
INFO:qiskit.algorithms.minimum_eigensolvers.adapt_vqe:--- Iteration #6 ---
INFO:qiskit.algorithms.minimum_eigensolvers.adapt_vqe:Alternating sequence found. Finishing.
INFO:qiskit.algorithms.minimum_eigensolvers.vqe:Optimization complete in 4.283271074295044 seconds.
Found optimal point [-0.12545076  0.05732552  0.05742093 -0.02979743 -0.02511969 -0.02513769]
INFO:qiskit.algorithms.minimum_eigensolvers.adapt_vqe:--- Iteration #7 ---
INFO:qiskit.algorithms.minimum_eigensolvers.adapt_vqe:Alternating sequence found. Finishing.
INFO:qiskit.algorithms.minimum_eigensolvers.vqe:Optimization complete in 7.1447694301605225 seconds.
Found optimal point [-0.12444293  0.05699614  0.06618656 -0.03549043 -0.0260019  -0.02601181
 -0.04302888]
INFO:qiskit.algorithms.minimum_eigensolvers.adapt_vqe:--- Iteration #8 ---
INFO:qiskit.algorithms.minimum_eigensolvers.adapt_vqe:Alternating sequence found. Finishing.
INFO:qiskit.algorithms.minimum_eigensolvers.vqe:Optimization complete in 9.110864162445068 seconds.
Found optimal point [-0.12238625  0.06485977  0.06563956 -0.0405385  -0.02666444 -0.02667413
 -0.03969126 -0.03745878]
INFO:qiskit.algorithms.minimum_eigensolvers.adapt_vqe:--- Iteration #9 ---
INFO:qiskit.algorithms.minimum_eigensolvers.adapt_vqe:Alternating sequence found. Finishing.
INFO:qiskit.algorithms.minimum_eigensolvers.vqe:Optimization complete in 6.453171730041504 seconds.
Found optimal point [-0.12257827  0.06551307  0.06501031 -0.0405483  -0.02632903 -0.02633873
 -0.04022335 -0.03749335 -0.00903234]
INFO:qiskit.algorithms.minimum_eigensolvers.adapt_vqe:--- Iteration #10 ---
INFO:qiskit.algorithms.minimum_eigensolvers.adapt_vqe:Alternating sequence found. Finishing.
INFO:qiskit.algorithms.minimum_eigensolvers.vqe:Optimization complete in 6.862839221954346 seconds.
Found optimal point [-0.12255866  0.06522746  0.06589626 -0.04104907 -0.02628164 -0.02629029
 -0.04146598 -0.03843514 -0.00694343 -0.00572134]
INFO:qiskit.algorithms.minimum_eigensolvers.adapt_vqe:--- Iteration #11 ---
INFO:qiskit.algorithms.minimum_eigensolvers.adapt_vqe:AdaptVQE terminated successfully with a final maximum gradient: 0.0006000691051109069
INFO:qiskit.algorithms.minimum_eigensolvers.adapt_vqe:The final energy is: -1.0556740356557148
